[2025-11-28 15:03:50] local.ERROR: include(/var/www/html/chap_chap_backend_v2/app/Http/Middleware/ApiLogger.php): Failed to open stream: Permission denied {"exception":"[object] (ErrorException(code: 0): include(/var/www/html/chap_chap_backend_v2/app/Http/Middleware/ApiLogger.php): Failed to open stream: Permission denied at /var/www/html/chap_chap_backend_v2/vendor/composer/ClassLoader.php:576)
[stacktrace]
#0 /var/www/html/chap_chap_backend_v2/vendor/laravel/framework/src/Illuminate/Foundation/Bootstrap/HandleExceptions.php(256): Illuminate\\Foundation\\Bootstrap\\HandleExceptions->handleError()
#1 /var/www/html/chap_chap_backend_v2/vendor/composer/ClassLoader.php(576): Illuminate\\Foundation\\Bootstrap\\HandleExceptions->Illuminate\\Foundation\\Bootstrap\\{closure}()
#2 /var/www/html/chap_chap_backend_v2/vendor/composer/ClassLoader.php(576): include('...')
#3 /var/www/html/chap_chap_backend_v2/vendor/composer/ClassLoader.php(427): Composer\\Autoload\\{closure}()
#4 [internal function]: Composer\\Autoload\\ClassLoader->loadClass()
#5 /var/www/html/chap_chap_backend_v2/vendor/laravel/framework/src/Illuminate/Container/Container.php(1043): ReflectionClass->__construct()
#6 /var/www/html/chap_chap_backend_v2/vendor/laravel/framework/src/Illuminate/Container/Container.php(916): Illuminate\\Container\\Container->build()
#7 /var/www/html/chap_chap_backend_v2/vendor/laravel/framework/src/Illuminate/Foundation/Application.php(1077): Illuminate\\Container\\Container->resolve()
#8 /var/www/html/chap_chap_backend_v2/vendor/laravel/framework/src/Illuminate/Container/Container.php(847): Illuminate\\Foundation\\Application->resolve()
#9 /var/www/html/chap_chap_backend_v2/vendor/laravel/framework/src/Illuminate/Foundation/Application.php(1057): Illuminate\\Container\\Container->make()
#10 /var/www/html/chap_chap_backend_v2/vendor/laravel/framework/src/Illuminate/Pipeline/Pipeline.php(197): Illuminate\\Foundation\\Application->make()
#11 /var/www/html/chap_chap_backend_v2/vendor/laravel/framework/src/Illuminate/Pipeline/Pipeline.php(126): Illuminate\\Pipeline\\Pipeline->Illuminate\\Pipeline\\{closure}()
#12 /var/www/html/chap_chap_backend_v2/vendor/laravel/framework/src/Illuminate/Routing/Router.php(807): Illuminate\\Pipeline\\Pipeline->then()
#13 /var/www/html/chap_chap_backend_v2/vendor/laravel/framework/src/Illuminate/Routing/Router.php(786): Illuminate\\Routing\\Router->runRouteWithinStack()
#14 /var/www/html/chap_chap_backend_v2/vendor/laravel/framework/src/Illuminate/Routing/Router.php(750): Illuminate\\Routing\\Router->runRoute()
#15 /var/www/html/chap_chap_backend_v2/vendor/laravel/framework/src/Illuminate/Routing/Router.php(739): Illuminate\\Routing\\Router->dispatchToRoute()
#16 /var/www/html/chap_chap_backend_v2/vendor/laravel/framework/src/Illuminate/Foundation/Http/Kernel.php(200): Illuminate\\Routing\\Router->dispatch()
#17 /var/www/html/chap_chap_backend_v2/vendor/laravel/framework/src/Illuminate/Pipeline/Pipeline.php(169): Illuminate\\Foundation\\Http\\Kernel->Illuminate\\Foundation\\Http\\{closure}()
#18 /var/www/html/chap_chap_backend_v2/vendor/livewire/livewire/src/Features/SupportDisablingBackButtonCache/DisableBackButtonCacheMiddleware.php(19): Illuminate\\Pipeline\\Pipeline->Illuminate\\Pipeline\\{closure}()
#19 /var/www/html/chap_chap_backend_v2/vendor/laravel/framework/src/Illuminate/Pipeline/Pipeline.php(208): Livewire\\Features\\SupportDisablingBackButtonCache\\DisableBackButtonCacheMiddleware->handle()
#20 /var/www/html/chap_chap_backend_v2/vendor/laravel/framework/src/Illuminate/Foundation/Http/Middleware/TransformsRequest.php(21): Illuminate\\Pipeline\\Pipeline->Illuminate\\Pipeline\\{closure}()
#21 /var/www/html/chap_chap_backend_v2/vendor/laravel/framework/src/Illuminate/Foundation/Http/Middleware/ConvertEmptyStringsToNull.php(31): Illuminate\\Foundation\\Http\\Middleware\\TransformsRequest->handle()
#22 /var/www/html/chap_chap_backend_v2/vendor/laravel/framework/src/Illuminate/Pipeline/Pipeline.php(208): Illuminate\\Foundation\\Http\\Middleware\\ConvertEmptyStringsToNull->handle()
#23 /var/www/html/chap_chap_backend_v2/vendor/laravel/framework/src/Illuminate/Foundation/Http/Middleware/TransformsRequest.php(21): Illuminate\\Pipeline\\Pipeline->Illuminate\\Pipeline\\{closure}()
#24 /var/www/html/chap_chap_backend_v2/vendor/laravel/framework/src/Illuminate/Foundation/Http/Middleware/TrimStrings.php(51): Illuminate\\Foundation\\Http\\Middleware\\TransformsRequest->handle()
#25 /var/www/html/chap_chap_backend_v2/vendor/laravel/framework/src/Illuminate/Pipeline/Pipeline.php(208): Illuminate\\Foundation\\Http\\Middleware\\TrimStrings->handle()
#26 /var/www/html/chap_chap_backend_v2/vendor/laravel/framework/src/Illuminate/Http/Middleware/ValidatePostSize.php(27): Illuminate\\Pipeline\\Pipeline->Illuminate\\Pipeline\\{closure}()
#27 /var/www/html/chap_chap_backend_v2/vendor/laravel/framework/src/Illuminate/Pipeline/Pipeline.php(208): Illuminate\\Http\\Middleware\\ValidatePostSize->handle()
#28 /var/www/html/chap_chap_backend_v2/vendor/laravel/framework/src/Illuminate/Foundation/Http/Middleware/PreventRequestsDuringMaintenance.php(109): Illuminate\\Pipeline\\Pipeline->Illuminate\\Pipeline\\{closure}()
#29 /var/www/html/chap_chap_backend_v2/vendor/laravel/framework/src/Illuminate/Pipeline/Pipeline.php(208): Illuminate\\Foundation\\Http\\Middleware\\PreventRequestsDuringMaintenance->handle()
#30 /var/www/html/chap_chap_backend_v2/vendor/laravel/framework/src/Illuminate/Http/Middleware/HandleCors.php(61): Illuminate\\Pipeline\\Pipeline->Illuminate\\Pipeline\\{closure}()
#31 /var/www/html/chap_chap_backend_v2/vendor/laravel/framework/src/Illuminate/Pipeline/Pipeline.php(208): Illuminate\\Http\\Middleware\\HandleCors->handle()
#32 /var/www/html/chap_chap_backend_v2/vendor/laravel/framework/src/Illuminate/Http/Middleware/TrustProxies.php(58): Illuminate\\Pipeline\\Pipeline->Illuminate\\Pipeline\\{closure}()
#33 /var/www/html/chap_chap_backend_v2/vendor/laravel/framework/src/Illuminate/Pipeline/Pipeline.php(208): Illuminate\\Http\\Middleware\\TrustProxies->handle()
#34 /var/www/html/chap_chap_backend_v2/vendor/laravel/framework/src/Illuminate/Foundation/Http/Middleware/InvokeDeferredCallbacks.php(22): Illuminate\\Pipeline\\Pipeline->Illuminate\\Pipeline\\{closure}()
#35 /var/www/html/chap_chap_backend_v2/vendor/laravel/framework/src/Illuminate/Pipeline/Pipeline.php(208): Illuminate\\Foundation\\Http\\Middleware\\InvokeDeferredCallbacks->handle()
#36 /var/www/html/chap_chap_backend_v2/vendor/laravel/framework/src/Illuminate/Http/Middleware/ValidatePathEncoding.php(26): Illuminate\\Pipeline\\Pipeline->Illuminate\\Pipeline\\{closure}()
#37 /var/www/html/chap_chap_backend_v2/vendor/laravel/framework/src/Illuminate/Pipeline/Pipeline.php(208): Illuminate\\Http\\Middleware\\ValidatePathEncoding->handle()
#38 /var/www/html/chap_chap_backend_v2/vendor/laravel/framework/src/Illuminate/Pipeline/Pipeline.php(126): Illuminate\\Pipeline\\Pipeline->Illuminate\\Pipeline\\{closure}()
#39 /var/www/html/chap_chap_backend_v2/vendor/laravel/framework/src/Illuminate/Foundation/Http/Kernel.php(175): Illuminate\\Pipeline\\Pipeline->then()
#40 /var/www/html/chap_chap_backend_v2/vendor/laravel/framework/src/Illuminate/Foundation/Http/Kernel.php(144): Illuminate\\Foundation\\Http\\Kernel->sendRequestThroughRouter()
#41 /var/www/html/chap_chap_backend_v2/vendor/laravel/framework/src/Illuminate/Foundation/Application.php(1219): Illuminate\\Foundation\\Http\\Kernel->handle()
#42 /var/www/html/chap_chap_backend_v2/public/index.php(20): Illuminate\\Foundation\\Application->handleRequest()
#43 {main}
"} 
[2025-11-28 15:03:52] local.ERROR: include(/var/www/html/chap_chap_backend_v2/app/Http/Middleware/ApiLogger.php): Failed to open stream: Permission denied {"exception":"[object] (ErrorException(code: 0): include(/var/www/html/chap_chap_backend_v2/app/Http/Middleware/ApiLogger.php): Failed to open stream: Permission denied at /var/www/html/chap_chap_backend_v2/vendor/composer/ClassLoader.php:576)
[stacktrace]
#0 /var/www/html/chap_chap_backend_v2/vendor/laravel/framework/src/Illuminate/Foundation/Bootstrap/HandleExceptions.php(256): Illuminate\\Foundation\\Bootstrap\\HandleExceptions->handleError()
#1 /var/www/html/chap_chap_backend_v2/vendor/composer/ClassLoader.php(576): Illuminate\\Foundation\\Bootstrap\\HandleExceptions->Illuminate\\Foundation\\Bootstrap\\{closure}()
#2 /var/www/html/chap_chap_backend_v2/vendor/composer/ClassLoader.php(576): include('...')
#3 /var/www/html/chap_chap_backend_v2/vendor/composer/ClassLoader.php(427): Composer\\Autoload\\{closure}()
#4 [internal function]: Composer\\Autoload\\ClassLoader->loadClass()
#5 /var/www/html/chap_chap_backend_v2/vendor/laravel/framework/src/Illuminate/Container/Container.php(1043): ReflectionClass->__construct()
#6 /var/www/html/chap_chap_backend_v2/vendor/laravel/framework/src/Illuminate/Container/Container.php(916): Illuminate\\Container\\Container->build()
#7 /var/www/html/chap_chap_backend_v2/vendor/laravel/framework/src/Illuminate/Foundation/Application.php(1077): Illuminate\\Container\\Container->resolve()
#8 /var/www/html/chap_chap_backend_v2/vendor/laravel/framework/src/Illuminate/Container/Container.php(847): Illuminate\\Foundation\\Application->resolve()
#9 /var/www/html/chap_chap_backend_v2/vendor/laravel/framework/src/Illuminate/Foundation/Application.php(1057): Illuminate\\Container\\Container->make()
#10 /var/www/html/chap_chap_backend_v2/vendor/laravel/framework/src/Illuminate/Foundation/Http/Kernel.php(257): Illuminate\\Foundation\\Application->make()
#11 /var/www/html/chap_chap_backend_v2/vendor/laravel/framework/src/Illuminate/Foundation/Http/Kernel.php(215): Illuminate\\Foundation\\Http\\Kernel->terminateMiddleware()
#12 /var/www/html/chap_chap_backend_v2/vendor/laravel/framework/src/Illuminate/Foundation/Application.php(1221): Illuminate\\Foundation\\Http\\Kernel->terminate()
#13 /var/www/html/chap_chap_backend_v2/public/index.php(20): Illuminate\\Foundation\\Application->handleRequest()
#14 {main}
"} 
[2025-11-28 15:04:12] local.ERROR: include(/var/www/html/chap_chap_backend_v2/app/Http/Middleware/ApiLogger.php): Failed to open stream: Permission denied {"exception":"[object] (ErrorException(code: 0): include(/var/www/html/chap_chap_backend_v2/app/Http/Middleware/ApiLogger.php): Failed to open stream: Permission denied at /var/www/html/chap_chap_backend_v2/vendor/composer/ClassLoader.php:576)
[stacktrace]
#0 /var/www/html/chap_chap_backend_v2/vendor/laravel/framework/src/Illuminate/Foundation/Bootstrap/HandleExceptions.php(256): Illuminate\\Foundation\\Bootstrap\\HandleExceptions->handleError()
#1 /var/www/html/chap_chap_backend_v2/vendor/composer/ClassLoader.php(576): Illuminate\\Foundation\\Bootstrap\\HandleExceptions->Illuminate\\Foundation\\Bootstrap\\{closure}()
#2 /var/www/html/chap_chap_backend_v2/vendor/composer/ClassLoader.php(576): include('...')
#3 /var/www/html/chap_chap_backend_v2/vendor/composer/ClassLoader.php(427): Composer\\Autoload\\{closure}()
#4 [internal function]: Composer\\Autoload\\ClassLoader->loadClass()
#5 /var/www/html/chap_chap_backend_v2/vendor/laravel/framework/src/Illuminate/Container/Container.php(1043): ReflectionClass->__construct()
#6 /var/www/html/chap_chap_backend_v2/vendor/laravel/framework/src/Illuminate/Container/Container.php(916): Illuminate\\Container\\Container->build()
#7 /var/www/html/chap_chap_backend_v2/vendor/laravel/framework/src/Illuminate/Foundation/Application.php(1077): Illuminate\\Container\\Container->resolve()
#8 /var/www/html/chap_chap_backend_v2/vendor/laravel/framework/src/Illuminate/Container/Container.php(847): Illuminate\\Foundation\\Application->resolve()
#9 /var/www/html/chap_chap_backend_v2/vendor/laravel/framework/src/Illuminate/Foundation/Application.php(1057): Illuminate\\Container\\Container->make()
#10 /var/www/html/chap_chap_backend_v2/vendor/laravel/framework/src/Illuminate/Pipeline/Pipeline.php(197): Illuminate\\Foundation\\Application->make()
#11 /var/www/html/chap_chap_backend_v2/vendor/laravel/framework/src/Illuminate/Pipeline/Pipeline.php(126): Illuminate\\Pipeline\\Pipeline->Illuminate\\Pipeline\\{closure}()
#12 /var/www/html/chap_chap_backend_v2/vendor/laravel/framework/src/Illuminate/Routing/Router.php(807): Illuminate\\Pipeline\\Pipeline->then()
#13 /var/www/html/chap_chap_backend_v2/vendor/laravel/framework/src/Illuminate/Routing/Router.php(786): Illuminate\\Routing\\Router->runRouteWithinStack()
#14 /var/www/html/chap_chap_backend_v2/vendor/laravel/framework/src/Illuminate/Routing/Router.php(750): Illuminate\\Routing\\Router->runRoute()
#15 /var/www/html/chap_chap_backend_v2/vendor/laravel/framework/src/Illuminate/Routing/Router.php(739): Illuminate\\Routing\\Router->dispatchToRoute()
#16 /var/www/html/chap_chap_backend_v2/vendor/laravel/framework/src/Illuminate/Foundation/Http/Kernel.php(200): Illuminate\\Routing\\Router->dispatch()
#17 /var/www/html/chap_chap_backend_v2/vendor/laravel/framework/src/Illuminate/Pipeline/Pipeline.php(169): Illuminate\\Foundation\\Http\\Kernel->Illuminate\\Foundation\\Http\\{closure}()
#18 /var/www/html/chap_chap_backend_v2/vendor/livewire/livewire/src/Features/SupportDisablingBackButtonCache/DisableBackButtonCacheMiddleware.php(19): Illuminate\\Pipeline\\Pipeline->Illuminate\\Pipeline\\{closure}()
#19 /var/www/html/chap_chap_backend_v2/vendor/laravel/framework/src/Illuminate/Pipeline/Pipeline.php(208): Livewire\\Features\\SupportDisablingBackButtonCache\\DisableBackButtonCacheMiddleware->handle()
#20 /var/www/html/chap_chap_backend_v2/vendor/laravel/framework/src/Illuminate/Foundation/Http/Middleware/TransformsRequest.php(21): Illuminate\\Pipeline\\Pipeline->Illuminate\\Pipeline\\{closure}()
#21 /var/www/html/chap_chap_backend_v2/vendor/laravel/framework/src/Illuminate/Foundation/Http/Middleware/ConvertEmptyStringsToNull.php(31): Illuminate\\Foundation\\Http\\Middleware\\TransformsRequest->handle()
#22 /var/www/html/chap_chap_backend_v2/vendor/laravel/framework/src/Illuminate/Pipeline/Pipeline.php(208): Illuminate\\Foundation\\Http\\Middleware\\ConvertEmptyStringsToNull->handle()
#23 /var/www/html/chap_chap_backend_v2/vendor/laravel/framework/src/Illuminate/Foundation/Http/Middleware/TransformsRequest.php(21): Illuminate\\Pipeline\\Pipeline->Illuminate\\Pipeline\\{closure}()
#24 /var/www/html/chap_chap_backend_v2/vendor/laravel/framework/src/Illuminate/Foundation/Http/Middleware/TrimStrings.php(51): Illuminate\\Foundation\\Http\\Middleware\\TransformsRequest->handle()
#25 /var/www/html/chap_chap_backend_v2/vendor/laravel/framework/src/Illuminate/Pipeline/Pipeline.php(208): Illuminate\\Foundation\\Http\\Middleware\\TrimStrings->handle()
#26 /var/www/html/chap_chap_backend_v2/vendor/laravel/framework/src/Illuminate/Http/Middleware/ValidatePostSize.php(27): Illuminate\\Pipeline\\Pipeline->Illuminate\\Pipeline\\{closure}()
#27 /var/www/html/chap_chap_backend_v2/vendor/laravel/framework/src/Illuminate/Pipeline/Pipeline.php(208): Illuminate\\Http\\Middleware\\ValidatePostSize->handle()
#28 /var/www/html/chap_chap_backend_v2/vendor/laravel/framework/src/Illuminate/Foundation/Http/Middleware/PreventRequestsDuringMaintenance.php(109): Illuminate\\Pipeline\\Pipeline->Illuminate\\Pipeline\\{closure}()
#29 /var/www/html/chap_chap_backend_v2/vendor/laravel/framework/src/Illuminate/Pipeline/Pipeline.php(208): Illuminate\\Foundation\\Http\\Middleware\\PreventRequestsDuringMaintenance->handle()
#30 /var/www/html/chap_chap_backend_v2/vendor/laravel/framework/src/Illuminate/Http/Middleware/HandleCors.php(61): Illuminate\\Pipeline\\Pipeline->Illuminate\\Pipeline\\{closure}()
#31 /var/www/html/chap_chap_backend_v2/vendor/laravel/framework/src/Illuminate/Pipeline/Pipeline.php(208): Illuminate\\Http\\Middleware\\HandleCors->handle()
#32 /var/www/html/chap_chap_backend_v2/vendor/laravel/framework/src/Illuminate/Http/Middleware/TrustProxies.php(58): Illuminate\\Pipeline\\Pipeline->Illuminate\\Pipeline\\{closure}()
#33 /var/www/html/chap_chap_backend_v2/vendor/laravel/framework/src/Illuminate/Pipeline/Pipeline.php(208): Illuminate\\Http\\Middleware\\TrustProxies->handle()
#34 /var/www/html/chap_chap_backend_v2/vendor/laravel/framework/src/Illuminate/Foundation/Http/Middleware/InvokeDeferredCallbacks.php(22): Illuminate\\Pipeline\\Pipeline->Illuminate\\Pipeline\\{closure}()
#35 /var/www/html/chap_chap_backend_v2/vendor/laravel/framework/src/Illuminate/Pipeline/Pipeline.php(208): Illuminate\\Foundation\\Http\\Middleware\\InvokeDeferredCallbacks->handle()
#36 /var/www/html/chap_chap_backend_v2/vendor/laravel/framework/src/Illuminate/Http/Middleware/ValidatePathEncoding.php(26): Illuminate\\Pipeline\\Pipeline->Illuminate\\Pipeline\\{closure}()
#37 /var/www/html/chap_chap_backend_v2/vendor/laravel/framework/src/Illuminate/Pipeline/Pipeline.php(208): Illuminate\\Http\\Middleware\\ValidatePathEncoding->handle()
#38 /var/www/html/chap_chap_backend_v2/vendor/laravel/framework/src/Illuminate/Pipeline/Pipeline.php(126): Illuminate\\Pipeline\\Pipeline->Illuminate\\Pipeline\\{closure}()
#39 /var/www/html/chap_chap_backend_v2/vendor/laravel/framework/src/Illuminate/Foundation/Http/Kernel.php(175): Illuminate\\Pipeline\\Pipeline->then()
#40 /var/www/html/chap_chap_backend_v2/vendor/laravel/framework/src/Illuminate/Foundation/Http/Kernel.php(144): Illuminate\\Foundation\\Http\\Kernel->sendRequestThroughRouter()
#41 /var/www/html/chap_chap_backend_v2/vendor/laravel/framework/src/Illuminate/Foundation/Application.php(1219): Illuminate\\Foundation\\Http\\Kernel->handle()
#42 /var/www/html/chap_chap_backend_v2/public/index.php(20): Illuminate\\Foundation\\Application->handleRequest()
#43 {main}
"} 
[2025-11-28 15:04:13] local.ERROR: include(/var/www/html/chap_chap_backend_v2/app/Http/Middleware/ApiLogger.php): Failed to open stream: Permission denied {"exception":"[object] (ErrorException(code: 0): include(/var/www/html/chap_chap_backend_v2/app/Http/Middleware/ApiLogger.php): Failed to open stream: Permission denied at /var/www/html/chap_chap_backend_v2/vendor/composer/ClassLoader.php:576)
[stacktrace]
#0 /var/www/html/chap_chap_backend_v2/vendor/laravel/framework/src/Illuminate/Foundation/Bootstrap/HandleExceptions.php(256): Illuminate\\Foundation\\Bootstrap\\HandleExceptions->handleError()
#1 /var/www/html/chap_chap_backend_v2/vendor/composer/ClassLoader.php(576): Illuminate\\Foundation\\Bootstrap\\HandleExceptions->Illuminate\\Foundation\\Bootstrap\\{closure}()
#2 /var/www/html/chap_chap_backend_v2/vendor/composer/ClassLoader.php(576): include('...')
#3 /var/www/html/chap_chap_backend_v2/vendor/composer/ClassLoader.php(427): Composer\\Autoload\\{closure}()
#4 [internal function]: Composer\\Autoload\\ClassLoader->loadClass()
#5 /var/www/html/chap_chap_backend_v2/vendor/laravel/framework/src/Illuminate/Container/Container.php(1043): ReflectionClass->__construct()
#6 /var/www/html/chap_chap_backend_v2/vendor/laravel/framework/src/Illuminate/Container/Container.php(916): Illuminate\\Container\\Container->build()
#7 /var/www/html/chap_chap_backend_v2/vendor/laravel/framework/src/Illuminate/Foundation/Application.php(1077): Illuminate\\Container\\Container->resolve()
#8 /var/www/html/chap_chap_backend_v2/vendor/laravel/framework/src/Illuminate/Container/Container.php(847): Illuminate\\Foundation\\Application->resolve()
#9 /var/www/html/chap_chap_backend_v2/vendor/laravel/framework/src/Illuminate/Foundation/Application.php(1057): Illuminate\\Container\\Container->make()
#10 /var/www/html/chap_chap_backend_v2/vendor/laravel/framework/src/Illuminate/Foundation/Http/Kernel.php(257): Illuminate\\Foundation\\Application->make()
#11 /var/www/html/chap_chap_backend_v2/vendor/laravel/framework/src/Illuminate/Foundation/Http/Kernel.php(215): Illuminate\\Foundation\\Http\\Kernel->terminateMiddleware()
#12 /var/www/html/chap_chap_backend_v2/vendor/laravel/framework/src/Illuminate/Foundation/Application.php(1221): Illuminate\\Foundation\\Http\\Kernel->terminate()
#13 /var/www/html/chap_chap_backend_v2/public/index.php(20): Illuminate\\Foundation\\Application->handleRequest()
#14 {main}
"} 
